<?xml version="1.0" encoding="utf-8"?><testsuite errors="0" failures="0" name="pytest" skips="0" tests="7" time="1.679"><testcase classname="future_tests.index_test.TestDistance" file="future_tests/index_test.py" line="10" name="test_avenue_distance" time="0.0007879734039306641"></testcase><testcase classname="future_tests.index_test.TestDistance" file="future_tests/index_test.py" line="16" name="test_distance" time="0.00074005126953125"></testcase><testcase classname="future_tests.index_test.TestDistance" file="future_tests/index_test.py" line="22" name="test_distance_all" time="0.0006425380706787109"></testcase><testcase classname="future_tests.index_test.TestDistance" file="future_tests/index_test.py" line="13" name="test_distance_between_neighbors_squared" time="0.0007278919219970703"></testcase><testcase classname="future_tests.index_test.TestDistance" file="future_tests/index_test.py" line="19" name="test_distance_with_neighbor" time="0.0007281303405761719"></testcase><testcase classname="future_tests.index_test.TestDistance" file="future_tests/index_test.py" line="29" name="test_nearest_neighbors" time="0.0007276535034179688"></testcase><testcase classname="future_tests.index_test.TestDistance" file="future_tests/index_test.py" line="7" name="test_street_distance" time="0.0006036758422851562"></testcase></testsuite>